# JRE version: OpenJDK Runtime Environment (17.0.6) (build 17.0.6+0-b2043.56-10027231)
# Java VM: OpenJDK 64-Bit Server VM (17.0.6+0-b2043.56-10027231, mixed mode, tiered, compressed oops, compressed class ptrs, g1 gc, windows-amd64)
GC Precious Log:
 CPUs: 20 total, 20 available
 Memory: 16176M
 Large Page Support: Disabled
 NUMA Support: Disabled
 Compressed Oops: Enabled (32-bit)
 Heap Region Size: 1M
 Heap Min Capacity: 8M
 Heap Initial Capacity: 254M
 Heap Max Capacity: 2G
 Pre-touch: Disabled
 Parallel Workers: 15
 Concurrent Workers: 4
 Concurrent Refinement Workers: 15
 Periodic GC: Disabled
Heap:
 garbage-first heap   total 260096K, used 96115K [0x0000000080000000, 0x0000000100000000)
  region size 1024K, 1 young (1024K), 1 survivors (1024K)
 Metaspace       used 88888K, committed 89472K, reserved 1130496K
  class space    used 12158K, committed 12416K, reserved 1048576K
GC Heap History (20 events):
Event: 5.690 GC heap after
{Heap after GC invocations=22 (full 0):
 garbage-first heap   total 137216K, used 68058K [0x0000000080000000, 0x0000000100000000)
  region size 1024K, 7 young (7168K), 7 survivors (7168K)
 Metaspace       used 82627K, committed 83200K, reserved 1122304K
  class space    used 11197K, committed 11456K, reserved 1048576K
}
Event: 5.828 GC heap before
{Heap before GC invocations=22 (full 0):
 garbage-first heap   total 137216K, used 110042K [0x0000000080000000, 0x0000000100000000)
  region size 1024K, 48 young (49152K), 7 survivors (7168K)
 Metaspace       used 82906K, committed 83520K, reserved 1122304K
  class space    used 11234K, committed 11520K, reserved 1048576K
}
Event: 5.831 GC heap after
{Heap after GC invocations=23 (full 0):
 garbage-first heap   total 137216K, used 74889K [0x0000000080000000, 0x0000000100000000)
  region size 1024K, 6 young (6144K), 6 survivors (6144K)
 Metaspace       used 82906K, committed 83520K, reserved 1122304K
  class space    used 11234K, committed 11520K, reserved 1048576K
}
Event: 6.069 GC heap before
{Heap before GC invocations=23 (full 0):
 garbage-first heap   total 137216K, used 109705K [0x0000000080000000, 0x0000000100000000)
  region size 1024K, 40 young (40960K), 6 survivors (6144K)
 Metaspace       used 85384K, committed 86016K, reserved 1130496K
  class space    used 11690K, committed 11968K, reserved 1048576K
}
Event: 6.072 GC heap after
{Heap after GC invocations=24 (full 0):
 garbage-first heap   total 137216K, used 79562K [0x0000000080000000, 0x0000000100000000)
  region size 1024K, 4 young (4096K), 4 survivors (4096K)
 Metaspace       used 85384K, committed 86016K, reserved 1130496K
  class space    used 11690K, committed 11968K, reserved 1048576K
}
Event: 6.139 GC heap before
{Heap before GC invocations=25 (full 0):
 garbage-first heap   total 140288K, used 110282K [0x0000000080000000, 0x0000000100000000)
  region size 1024K, 35 young (35840K), 4 survivors (4096K)
 Metaspace       used 86113K, committed 86720K, reserved 1130496K
  class space    used 11901K, committed 12160K, reserved 1048576K
}
Event: 6.141 GC heap after
{Heap after GC invocations=26 (full 0):
 garbage-first heap   total 140288K, used 83563K [0x0000000080000000, 0x0000000100000000)
  region size 1024K, 5 young (5120K), 5 survivors (5120K)
 Metaspace       used 86113K, committed 86720K, reserved 1130496K
  class space    used 11901K, committed 12160K, reserved 1048576K
}
Event: 6.142 GC heap before
{Heap before GC invocations=26 (full 0):
 garbage-first heap   total 140288K, used 84587K [0x0000000080000000, 0x0000000100000000)
  region size 1024K, 6 young (6144K), 5 survivors (5120K)
 Metaspace       used 86118K, committed 86720K, reserved 1130496K
  class space    used 11901K, committed 12160K, reserved 1048576K
}
Event: 6.144 GC heap after
{Heap after GC invocations=27 (full 0):
 garbage-first heap   total 168960K, used 83726K [0x0000000080000000, 0x0000000100000000)
  region size 1024K, 1 young (1024K), 1 survivors (1024K)
 Metaspace       used 86118K, committed 86720K, reserved 1130496K
  class space    used 11901K, committed 12160K, reserved 1048576K
}
Event: 6.260 GC heap before
{Heap before GC invocations=27 (full 0):
 garbage-first heap   total 168960K, used 134926K [0x0000000080000000, 0x0000000100000000)
  region size 1024K, 52 young (53248K), 1 survivors (1024K)
 Metaspace       used 86486K, committed 87168K, reserved 1130496K
  class space    used 11914K, committed 12224K, reserved 1048576K
}
Event: 6.262 GC heap after
{Heap after GC invocations=28 (full 0):
 garbage-first heap   total 168960K, used 87832K [0x0000000080000000, 0x0000000100000000)
  region size 1024K, 5 young (5120K), 5 survivors (5120K)
 Metaspace       used 86486K, committed 87168K, reserved 1130496K
  class space    used 11914K, committed 12224K, reserved 1048576K
}
Event: 6.383 GC heap before
{Heap before GC invocations=29 (full 0):
 garbage-first heap   total 168960K, used 135960K [0x0000000080000000, 0x0000000100000000)
  region size 1024K, 53 young (54272K), 5 survivors (5120K)
 Metaspace       used 86809K, committed 87424K, reserved 1130496K
  class space    used 11932K, committed 12224K, reserved 1048576K
}
Event: 6.386 GC heap after
{Heap after GC invocations=30 (full 0):
 garbage-first heap   total 168960K, used 91096K [0x0000000080000000, 0x0000000100000000)
  region size 1024K, 5 young (5120K), 5 survivors (5120K)
 Metaspace       used 86809K, committed 87424K, reserved 1130496K
  class space    used 11932K, committed 12224K, reserved 1048576K
}
Event: 6.388 GC heap before
{Heap before GC invocations=30 (full 0):
 garbage-first heap   total 168960K, used 94168K [0x0000000080000000, 0x0000000100000000)
  region size 1024K, 8 young (8192K), 5 survivors (5120K)
 Metaspace       used 86814K, committed 87424K, reserved 1130496K
  class space    used 11932K, committed 12224K, reserved 1048576K
}
Event: 6.390 GC heap after
{Heap after GC invocations=31 (full 0):
 garbage-first heap   total 168960K, used 90474K [0x0000000080000000, 0x0000000100000000)
  region size 1024K, 1 young (1024K), 1 survivors (1024K)
 Metaspace       used 86814K, committed 87424K, reserved 1130496K
  class space    used 11932K, committed 12224K, reserved 1048576K
}
Event: 6.535 GC heap before
{Heap before GC invocations=31 (full 0):
 garbage-first heap   total 168960K, used 137578K [0x0000000080000000, 0x0000000100000000)
  region size 1024K, 47 young (48128K), 1 survivors (1024K)
 Metaspace       used 88284K, committed 88896K, reserved 1130496K
  class space    used 12070K, committed 12352K, reserved 1048576K
}
Event: 6.538 GC heap after
{Heap after GC invocations=32 (full 0):
 garbage-first heap   total 168960K, used 94642K [0x0000000080000000, 0x0000000100000000)
  region size 1024K, 5 young (5120K), 5 survivors (5120K)
 Metaspace       used 88284K, committed 88896K, reserved 1130496K
  class space    used 12070K, committed 12352K, reserved 1048576K
}
Event: 6.593 GC heap before
{Heap before GC invocations=33 (full 0):
 garbage-first heap   total 174080K, used 136626K [0x0000000080000000, 0x0000000100000000)
  region size 1024K, 47 young (48128K), 5 survivors (5120K)
 Metaspace       used 88854K, committed 89408K, reserved 1130496K
  class space    used 12153K, committed 12416K, reserved 1048576K
}
Event: 6.595 GC heap after
{Heap after GC invocations=34 (full 0):
 garbage-first heap   total 174080K, used 97260K [0x0000000080000000, 0x0000000100000000)
  region size 1024K, 4 young (4096K), 4 survivors (4096K)
 Metaspace       used 88854K, committed 89408K, reserved 1130496K
  class space    used 12153K, committed 12416K, reserved 1048576K
}
Event: 6.599 GC heap before
{Heap before GC invocations=34 (full 0):
 garbage-first heap   total 174080K, used 100332K [0x0000000080000000, 0x0000000100000000)
  region size 1024K, 8 young (8192K), 4 survivors (4096K)
 Metaspace       used 88888K, committed 89472K, reserved 1130496K
  class space    used 12158K, committed 12416K, reserved 1048576K
}

